2018-10-03 15:19:34.831  INFO 3336 --- [main] o.d.applegate.WeatherserviceApplication  : Starting WeatherserviceApplication on DESKTOP-63VEPBE with PID 3336 (started by Rome Le Blanc in C:\Users\Rome Le Blanc\Documents\workspace-spring-tool-suite-4-4.0.0.RELEASE\weatherservice)
2018-10-03 15:19:34.859  INFO 3336 --- [main] o.d.applegate.WeatherserviceApplication  : No active profile set, falling back to default profiles: default
2018-10-03 15:19:35.016  INFO 3336 --- [main] ConfigServletWebServerApplicationContext : Refreshing org.springframework.boot.web.servlet.context.AnnotationConfigServletWebServerApplicationContext@96def03: startup date [Wed Oct 03 15:19:35 PDT 2018]; root of context hierarchy
2018-10-03 15:19:37.133  INFO 3336 --- [main] f.a.AutowiredAnnotationBeanPostProcessor : JSR-330 'javax.inject.Inject' annotation found and supported for autowiring
2018-10-03 15:19:38.265  INFO 3336 --- [main] o.s.b.w.embedded.tomcat.TomcatWebServer  : Tomcat initialized with port(s): 8080 (http)
2018-10-03 15:19:38.326  INFO 3336 --- [main] o.apache.catalina.core.StandardService   : Starting service [Tomcat]
2018-10-03 15:19:38.329  INFO 3336 --- [main] org.apache.catalina.core.StandardEngine  : Starting Servlet Engine: Apache Tomcat/8.5.34
2018-10-03 15:19:38.343  INFO 3336 --- [localhost-startStop-1] o.a.catalina.core.AprLifecycleListener   : The APR based Apache Tomcat Native library which allows optimal performance in production environments was not found on the java.library.path: [C:\Program Files\Java\jre1.8.0_181\bin;C:\WINDOWS\Sun\Java\bin;C:\WINDOWS\system32;C:\WINDOWS;C:/Program Files/Java/jre1.8.0_181/bin/server;C:/Program Files/Java/jre1.8.0_181/bin;C:/Program Files/Java/jre1.8.0_181/lib/amd64;C:\Program Files\Docker\Docker\Resources\bin;C:\Program Files (x86)\Common Files\Oracle\Java\javapath;C:\WINDOWS\system32;C:\WINDOWS;C:\WINDOWS\System32\Wbem;C:\WINDOWS\System32\WindowsPowerShell\v1.0\;C:\Program Files\Intel\WiFi\bin\;C:\Program Files\Common Files\Intel\WirelessCommon\;C:\Program Files (x86)\Common Files\lenovo\easyplussdk\bin;C:\WINDOWS\System32\OpenSSH\;C:\Program Files\Git\cmd;C:\Users\Rome Le Blanc\AppData\Local\Microsoft\WindowsApps;;C:\Users\Rome Le Blanc\Desktop\sts-4.0.0.RELEASE;;.]
2018-10-03 15:19:38.630  INFO 3336 --- [localhost-startStop-1] o.a.c.c.C.[Tomcat].[localhost].[/]       : Initializing Spring embedded WebApplicationContext
2018-10-03 15:19:38.631  INFO 3336 --- [localhost-startStop-1] o.s.web.context.ContextLoader            : Root WebApplicationContext: initialization completed in 3615 ms
2018-10-03 15:19:38.837  INFO 3336 --- [localhost-startStop-1] o.s.b.w.servlet.ServletRegistrationBean  : Servlet dispatcherServlet mapped to [/]
2018-10-03 15:19:38.850  INFO 3336 --- [localhost-startStop-1] o.s.b.w.servlet.FilterRegistrationBean   : Mapping filter: 'characterEncodingFilter' to: [/*]
2018-10-03 15:19:38.853  INFO 3336 --- [localhost-startStop-1] o.s.b.w.servlet.FilterRegistrationBean   : Mapping filter: 'hiddenHttpMethodFilter' to: [/*]
2018-10-03 15:19:38.854  INFO 3336 --- [localhost-startStop-1] o.s.b.w.servlet.FilterRegistrationBean   : Mapping filter: 'httpPutFormContentFilter' to: [/*]
2018-10-03 15:19:38.855  INFO 3336 --- [localhost-startStop-1] o.s.b.w.servlet.FilterRegistrationBean   : Mapping filter: 'requestContextFilter' to: [/*]
2018-10-03 15:19:39.729  INFO 3336 --- [main] o.s.w.s.handler.SimpleUrlHandlerMapping  : Mapped URL path [/**/favicon.ico] onto handler of type [class org.springframework.web.servlet.resource.ResourceHttpRequestHandler]
2018-10-03 15:19:39.937  INFO 3336 --- [main] s.w.s.m.m.a.RequestMappingHandlerAdapter : Looking for @ControllerAdvice: org.springframework.boot.web.servlet.context.AnnotationConfigServletWebServerApplicationContext@96def03: startup date [Wed Oct 03 15:19:35 PDT 2018]; root of context hierarchy
2018-10-03 15:19:40.124  INFO 3336 --- [main] s.w.s.m.m.a.RequestMappingHandlerMapping : Mapped "{[/api/v1/wind/{zipcode}],methods=[GET]}" onto public org.dale.applegate.model.Weather org.dale.applegate.web.api.v1.WeatherController.getWeather(java.lang.String)
2018-10-03 15:19:40.138  INFO 3336 --- [main] s.w.s.m.m.a.RequestMappingHandlerMapping : Mapped "{[/error]}" onto public org.springframework.http.ResponseEntity<java.util.Map<java.lang.String, java.lang.Object>> org.springframework.boot.autoconfigure.web.servlet.error.BasicErrorController.error(javax.servlet.http.HttpServletRequest)
2018-10-03 15:19:40.140  INFO 3336 --- [main] s.w.s.m.m.a.RequestMappingHandlerMapping : Mapped "{[/error],produces=[text/html]}" onto public org.springframework.web.servlet.ModelAndView org.springframework.boot.autoconfigure.web.servlet.error.BasicErrorController.errorHtml(javax.servlet.http.HttpServletRequest,javax.servlet.http.HttpServletResponse)
2018-10-03 15:19:40.261  INFO 3336 --- [main] o.s.w.s.handler.SimpleUrlHandlerMapping  : Mapped URL path [/webjars/**] onto handler of type [class org.springframework.web.servlet.resource.ResourceHttpRequestHandler]
2018-10-03 15:19:40.261  INFO 3336 --- [main] o.s.w.s.handler.SimpleUrlHandlerMapping  : Mapped URL path [/**] onto handler of type [class org.springframework.web.servlet.resource.ResourceHttpRequestHandler]
2018-10-03 15:19:40.302  INFO 3336 --- [main] .m.m.a.ExceptionHandlerExceptionResolver : Detected @ExceptionHandler methods in exceptionController
2018-10-03 15:19:40.661  INFO 3336 --- [main] o.s.j.e.a.AnnotationMBeanExporter        : Registering beans for JMX exposure on startup
2018-10-03 15:19:40.775  INFO 3336 --- [main] o.s.b.w.embedded.tomcat.TomcatWebServer  : Tomcat started on port(s): 8080 (http) with context path ''
2018-10-03 15:19:40.787  INFO 3336 --- [main] o.d.applegate.WeatherserviceApplication  : Started WeatherserviceApplication in 7.455 seconds (JVM running for 9.707)
2018-10-03 15:20:13.203  INFO 3336 --- [http-nio-8080-exec-1] o.a.c.c.C.[Tomcat].[localhost].[/]       : Initializing Spring FrameworkServlet 'dispatcherServlet'
2018-10-03 15:20:13.205  INFO 3336 --- [http-nio-8080-exec-1] o.s.web.servlet.DispatcherServlet        : FrameworkServlet 'dispatcherServlet': initialization started
2018-10-03 15:20:13.257  INFO 3336 --- [http-nio-8080-exec-1] o.s.web.servlet.DispatcherServlet        : FrameworkServlet 'dispatcherServlet': initialization completed in 49 ms
2018-10-03 15:20:34.137  INFO 3336 --- [RMI TCP Connection(7)-127.0.0.1] inMXBeanRegistrar$SpringApplicationAdmin : Application shutdown requested.
2018-10-03 15:20:34.141  INFO 3336 --- [RMI TCP Connection(7)-127.0.0.1] ConfigServletWebServerApplicationContext : Closing org.springframework.boot.web.servlet.context.AnnotationConfigServletWebServerApplicationContext@96def03: startup date [Wed Oct 03 15:19:35 PDT 2018]; root of context hierarchy
2018-10-03 15:20:34.149  INFO 3336 --- [RMI TCP Connection(7)-127.0.0.1] o.s.j.e.a.AnnotationMBeanExporter        : Unregistering JMX-exposed beans on shutdown
